app/build/intermediates/manifest_merge_blame_file/debug/manifest-merger-blame-debug-report.txt
1<?xml version="1.0" encoding="utf-8"?>
2<manifest xmlns:android="http://schemas.android.com/apk/res/android"
3    xmlns:dist="http://schemas.android.com/apk/distribution"
4    package="org.tensorflow.lite.examples.objectdetection"
5    android:versionCode="1"
6    android:versionName="1.0.0" >
7
8    <uses-sdk
9        android:minSdkVersion="21"
9-->src\main\AndroidManifest.xml
10        android:targetSdkVersion="32" />
10-->src\main\AndroidManifest.xml
11    <!-- Enable instant app support -->
12    <dist:module dist:instant="true" /> <!-- Declare features -->
12-->src\main\AndroidManifest.xml:7:5-40
12-->src\main\AndroidManifest.xml:7:18-37
13    <!-- <uses-feature android:name="android.hardware.camera" /> &lt;!&ndash; Declare permissions &ndash;&gt; -->
14    <uses-permission android:name="android.permission.CAMERA" />
14-->src\main\AndroidManifest.xml:9:5-65
14-->src\main\AndroidManifest.xml:9:22-62
15    <uses-permission android:name="android.permission.INTERNET" />
15-->src\main\AndroidManifest.xml:10:5-67
15-->src\main\AndroidManifest.xml:10:22-64
16
17    <uses-feature
17-->src\main\AndroidManifest.xml:12:5-14:35
18        android:name="android.hardware.camera"
18-->src\main\AndroidManifest.xml:13:9-47
19        android:required="true" />
19-->src\main\AndroidManifest.xml:14:9-32
20    <uses-feature android:name="android.hardware.camera.any" />
20-->src\main\AndroidManifest.xml:15:5-64
20-->src\main\AndroidManifest.xml:15:19-61
21
22    <!-- Although the *SdkVersion is captured in gradle build files, this is required for non gradle builds -->
23    <!-- <uses-sdk android:minSdkVersion="14"/> -->
24    <uses-permission android:name="android.permission.ACCESS_NETWORK_STATE" />
24-->[com.google.firebase:firebase-storage:20.1.0] AndroidManifest.xml:25:5-79
24-->[com.google.firebase:firebase-storage:20.1.0] AndroidManifest.xml:25:22-76
25    <uses-permission android:name="android.permission.WRITE_EXTERNAL_STORAGE" />
26    <uses-permission android:name="android.permission.READ_PHONE_STATE" />
27    <uses-permission android:name="android.permission.READ_EXTERNAL_STORAGE" />
28
29    <application
29-->src\main\AndroidManifest.xml:17:5-76:19
30        android:allowBackup="true"
30-->src\main\AndroidManifest.xml:18:9-35
31        android:appComponentFactory="androidx.core.app.CoreComponentFactory"
31-->[androidx.core:core:1.6.0] AndroidManifest.xml:24:18-86
32        android:debuggable="true"
33        android:icon="@mipmap/ic_launcher"
33-->src\main\AndroidManifest.xml:19:9-43
34        android:label="@string/app_name"
34-->src\main\AndroidManifest.xml:20:9-41
35        android:roundIcon="@mipmap/ic_launcher_round"
35-->src\main\AndroidManifest.xml:21:9-54
36        android:taskAffinity="" >
36-->src\main\AndroidManifest.xml:22:9-32
37        <activity
37-->src\main\AndroidManifest.xml:24:9-31:20
38            android:name="org.tensorflow.lite.examples.objectdetection.cameraScene"
38-->src\main\AndroidManifest.xml:25:13-40
39            android:exported="false"
39-->src\main\AndroidManifest.xml:27:13-37
40            android:theme="@style/AppTheme" >
40-->src\main\AndroidManifest.xml:26:13-44
41            <meta-data
41-->src\main\AndroidManifest.xml:28:13-30:36
42                android:name="android.app.lib_name"
42-->src\main\AndroidManifest.xml:29:17-52
43                android:value="" />
43-->src\main\AndroidManifest.xml:30:17-33
44        </activity>
45        <activity
45-->src\main\AndroidManifest.xml:32:9-50:20
46            android:name="org.tensorflow.lite.examples.objectdetection.chatActivity"
46-->src\main\AndroidManifest.xml:33:13-41
47            android:exported="true"
47-->src\main\AndroidManifest.xml:34:13-36
48            android:icon="@mipmap/ic_launcher"
48-->src\main\AndroidManifest.xml:35:13-47
49            android:label="@string/app_name"
49-->src\main\AndroidManifest.xml:39:13-45
50            android:resizeableActivity="true"
50-->src\main\AndroidManifest.xml:36:13-46
51            android:rotationAnimation="seamless"
51-->src\main\AndroidManifest.xml:37:13-49
52            android:theme="@style/AppTheme" >
52-->src\main\AndroidManifest.xml:38:13-44
53            <intent-filter>
53-->src\main\AndroidManifest.xml:41:13-45:29
54                <action android:name="android.intent.action.MAIN" />
54-->src\main\AndroidManifest.xml:42:17-69
54-->src\main\AndroidManifest.xml:42:25-66
55
56                <category android:name="android.intent.category.LAUNCHER" />
56-->src\main\AndroidManifest.xml:44:17-77
56-->src\main\AndroidManifest.xml:44:27-74
57            </intent-filter>
58
59            <meta-data
59-->src\main\AndroidManifest.xml:28:13-30:36
60                android:name="android.app.lib_name"
60-->src\main\AndroidManifest.xml:29:17-52
61                android:value="" />
61-->src\main\AndroidManifest.xml:30:17-33
62        </activity>
63        <activity
63-->src\main\AndroidManifest.xml:51:9-75:20
64            android:name="org.tensorflow.lite.examples.objectdetection.MainActivity"
64-->src\main\AndroidManifest.xml:52:13-41
65            android:clearTaskOnLaunch="true"
65-->src\main\AndroidManifest.xml:53:13-45
66            android:configChanges="orientation|screenLayout|screenSize|smallestScreenSize"
66-->src\main\AndroidManifest.xml:54:13-91
67            android:exported="false"
67-->src\main\AndroidManifest.xml:55:13-37
68            android:icon="@mipmap/ic_launcher"
68-->src\main\AndroidManifest.xml:56:13-47
69            android:resizeableActivity="true"
69-->src\main\AndroidManifest.xml:57:13-46
70            android:rotationAnimation="seamless"
70-->src\main\AndroidManifest.xml:58:13-49
71            android:theme="@style/AppTheme" >
71-->src\main\AndroidManifest.xml:59:13-44
72
73            <!-- Main app intent filter -->
74            <!-- <intent-filter> -->
75            <!-- <action android:name="android.intent.action.MAIN" /> -->
76
77
78            <!-- <category android:name="android.intent.category.LAUNCHER" /> -->
79            <!-- </intent-filter> -->
80
81
82            <!-- Declare notch support -->
83            <meta-data
83-->src\main\AndroidManifest.xml:72:13-74:40
84                android:name="android.notch_support"
84-->src\main\AndroidManifest.xml:73:17-53
85                android:value="true" />
85-->src\main\AndroidManifest.xml:74:17-37
86        </activity>
87
88        <service
88-->[com.google.firebase:firebase-storage-ktx:20.1.0] AndroidManifest.xml:11:9-17:19
89            android:name="com.google.firebase.components.ComponentDiscoveryService"
89-->[com.google.firebase:firebase-storage-ktx:20.1.0] AndroidManifest.xml:12:13-84
90            android:directBootAware="true"
90-->[com.google.firebase:firebase-common:20.2.0] AndroidManifest.xml:34:13-43
91            android:exported="false" >
91-->[com.google.firebase:firebase-storage-ktx:20.1.0] AndroidManifest.xml:13:13-37
92            <meta-data
92-->[com.google.firebase:firebase-storage-ktx:20.1.0] AndroidManifest.xml:14:13-16:85
93                android:name="com.google.firebase.components:com.google.firebase.storage.ktx.FirebaseStorageKtxRegistrar"
93-->[com.google.firebase:firebase-storage-ktx:20.1.0] AndroidManifest.xml:15:17-122
94                android:value="com.google.firebase.components.ComponentRegistrar" />
94-->[com.google.firebase:firebase-storage-ktx:20.1.0] AndroidManifest.xml:16:17-82
95            <meta-data
95-->[com.google.firebase:firebase-common-ktx:20.2.0] AndroidManifest.xml:14:13-16:85
96                android:name="com.google.firebase.components:com.google.firebase.ktx.FirebaseCommonKtxRegistrar"
96-->[com.google.firebase:firebase-common-ktx:20.2.0] AndroidManifest.xml:15:17-113
97                android:value="com.google.firebase.components.ComponentRegistrar" />
97-->[com.google.firebase:firebase-common-ktx:20.2.0] AndroidManifest.xml:16:17-82
98            <meta-data
98-->[com.google.firebase:firebase-storage:20.1.0] AndroidManifest.xml:32:13-34:85
99                android:name="com.google.firebase.components:com.google.firebase.storage.StorageRegistrar"
99-->[com.google.firebase:firebase-storage:20.1.0] AndroidManifest.xml:33:17-107
100                android:value="com.google.firebase.components.ComponentRegistrar" />
100-->[com.google.firebase:firebase-storage:20.1.0] AndroidManifest.xml:34:17-82
101        </service>
102
103        <uses-library
103-->[androidx.window:window:1.0.0-alpha09] AndroidManifest.xml:25:9-27:40
104            android:name="androidx.window.extensions"
104-->[androidx.window:window:1.0.0-alpha09] AndroidManifest.xml:26:13-54
105            android:required="false" />
105-->[androidx.window:window:1.0.0-alpha09] AndroidManifest.xml:27:13-37
106        <uses-library
106-->[androidx.window:window:1.0.0-alpha09] AndroidManifest.xml:28:9-30:40
107            android:name="androidx.window.sidecar"
107-->[androidx.window:window:1.0.0-alpha09] AndroidManifest.xml:29:13-51
108            android:required="false" />
108-->[androidx.window:window:1.0.0-alpha09] AndroidManifest.xml:30:13-37
109
110        <service
110-->[androidx.camera:camera-camera2:1.1.0-beta03] AndroidManifest.xml:26:9-35:19
111            android:name="androidx.camera.core.impl.MetadataHolderService"
111-->[androidx.camera:camera-camera2:1.1.0-beta03] AndroidManifest.xml:27:13-75
112            android:enabled="false"
112-->[androidx.camera:camera-camera2:1.1.0-beta03] AndroidManifest.xml:28:13-36
113            android:exported="false" >
113-->[androidx.camera:camera-camera2:1.1.0-beta03] AndroidManifest.xml:29:13-37
114            <meta-data
114-->[androidx.camera:camera-camera2:1.1.0-beta03] AndroidManifest.xml:32:13-34:89
115                android:name="androidx.camera.core.impl.MetadataHolderService.DEFAULT_CONFIG_PROVIDER"
115-->[androidx.camera:camera-camera2:1.1.0-beta03] AndroidManifest.xml:33:17-103
116                android:value="androidx.camera.camera2.Camera2Config$DefaultProvider" />
116-->[androidx.camera:camera-camera2:1.1.0-beta03] AndroidManifest.xml:34:17-86
117        </service>
118        <service
118-->[com.google.android.gms:play-services-tflite-gpu:16.0.0] AndroidManifest.xml:9:9-21:19
119            android:name="com.google.android.gms.metadata.ModuleDependencies"
119-->[com.google.android.gms:play-services-tflite-gpu:16.0.0] AndroidManifest.xml:10:13-78
120            android:enabled="false"
120-->[com.google.android.gms:play-services-tflite-gpu:16.0.0] AndroidManifest.xml:11:13-36
121            android:exported="false" >
121-->[com.google.android.gms:play-services-tflite-gpu:16.0.0] AndroidManifest.xml:12:13-37
122            <intent-filter>
122-->[com.google.android.gms:play-services-tflite-gpu:16.0.0] AndroidManifest.xml:14:13-16:29
123                <action android:name="com.google.android.gms.metadata.MODULE_DEPENDENCIES" />
123-->[com.google.android.gms:play-services-tflite-gpu:16.0.0] AndroidManifest.xml:15:17-94
123-->[com.google.android.gms:play-services-tflite-gpu:16.0.0] AndroidManifest.xml:15:25-91
124            </intent-filter>
125
126            <meta-data
126-->[com.google.android.gms:play-services-tflite-gpu:16.0.0] AndroidManifest.xml:18:13-20:36
127                android:name="tflite_gpu_dynamite:222612000:required"
127-->[com.google.android.gms:play-services-tflite-gpu:16.0.0] AndroidManifest.xml:19:17-70
128                android:value="" />
128-->[com.google.android.gms:play-services-tflite-gpu:16.0.0] AndroidManifest.xml:20:17-33
129            <meta-data
129-->[com.google.android.gms:play-services-tflite-impl:16.0.0] AndroidManifest.xml:18:13-20:36
130                android:name="tflite_dynamite:3:required"
130-->[com.google.android.gms:play-services-tflite-impl:16.0.0] AndroidManifest.xml:19:17-58
131                android:value="" />
131-->[com.google.android.gms:play-services-tflite-impl:16.0.0] AndroidManifest.xml:20:17-33
132        </service>
133
134        <activity
134-->[com.google.android.gms:play-services-base:18.1.0] AndroidManifest.xml:20:9-22:45
135            android:name="com.google.android.gms.common.api.GoogleApiActivity"
135-->[com.google.android.gms:play-services-base:18.1.0] AndroidManifest.xml:20:19-85
136            android:exported="false"
136-->[com.google.android.gms:play-services-base:18.1.0] AndroidManifest.xml:22:19-43
137            android:theme="@android:style/Theme.Translucent.NoTitleBar" />
137-->[com.google.android.gms:play-services-base:18.1.0] AndroidManifest.xml:21:19-78
138
139        <provider
139-->[com.google.firebase:firebase-common:20.2.0] AndroidManifest.xml:25:9-30:39
140            android:name="com.google.firebase.provider.FirebaseInitProvider"
140-->[com.google.firebase:firebase-common:20.2.0] AndroidManifest.xml:26:13-77
141            android:authorities="org.tensorflow.lite.examples.objectdetection.firebaseinitprovider"
141-->[com.google.firebase:firebase-common:20.2.0] AndroidManifest.xml:27:13-72
142            android:directBootAware="true"
142-->[com.google.firebase:firebase-common:20.2.0] AndroidManifest.xml:28:13-43
143            android:exported="false"
143-->[com.google.firebase:firebase-common:20.2.0] AndroidManifest.xml:29:13-37
144            android:initOrder="100" />
144-->[com.google.firebase:firebase-common:20.2.0] AndroidManifest.xml:30:13-36
145
146        <meta-data
146-->[com.google.android.gms:play-services-basement:18.1.0] AndroidManifest.xml:21:9-23:69
147            android:name="com.google.android.gms.version"
147-->[com.google.android.gms:play-services-basement:18.1.0] AndroidManifest.xml:22:13-58
148            android:value="@integer/google_play_services_version" />
148-->[com.google.android.gms:play-services-basement:18.1.0] AndroidManifest.xml:23:13-66
149
150        <provider
150-->[androidx.lifecycle:lifecycle-process:2.2.0] AndroidManifest.xml:25:9-29:43
151            android:name="androidx.lifecycle.ProcessLifecycleOwnerInitializer"
151-->[androidx.lifecycle:lifecycle-process:2.2.0] AndroidManifest.xml:26:13-79
152            android:authorities="org.tensorflow.lite.examples.objectdetection.lifecycle-process"
152-->[androidx.lifecycle:lifecycle-process:2.2.0] AndroidManifest.xml:27:13-69
153            android:exported="false"
153-->[androidx.lifecycle:lifecycle-process:2.2.0] AndroidManifest.xml:28:13-37
154            android:multiprocess="true" />
154-->[androidx.lifecycle:lifecycle-process:2.2.0] AndroidManifest.xml:29:13-40
155    </application>
156
157</manifest>